TN:
SF:src/App.jsx
FN:7,App
FNF:1
FNH:0
FNDA:0,App
DA:8,0
LF:1
LH:0
BRF:0
BRH:0
end_of_record
TN:
SF:src/api.js
FN:5,(anonymous_0)
FN:6,(anonymous_1)
FN:7,(anonymous_2)
FN:8,(anonymous_3)
FN:10,(anonymous_4)
FN:11,(anonymous_5)
FN:12,(anonymous_6)
FN:13,(anonymous_7)
FNF:8
FNH:8
FNDA:3,(anonymous_0)
FNDA:4,(anonymous_1)
FNDA:1,(anonymous_2)
FNDA:1,(anonymous_3)
FNDA:1,(anonymous_4)
FNDA:2,(anonymous_5)
FNDA:1,(anonymous_6)
FNDA:1,(anonymous_7)
DA:3,3
DA:5,3
DA:6,4
DA:7,3
DA:8,3
DA:10,3
DA:11,3
DA:12,3
DA:13,3
LF:9
LH:9
BRF:0
BRH:0
end_of_record
TN:
SF:src/theme.js
FNF:0
FNH:0
DA:3,0
LF:1
LH:0
BRF:0
BRH:0
end_of_record
TN:
SF:src/components/CalendarView.jsx
FN:29,CalendarView
FN:39,(anonymous_1)
FN:43,(anonymous_2)
FN:46,(anonymous_3)
FN:57,(anonymous_4)
FN:75,(anonymous_5)
FN:81,(anonymous_6)
FN:85,(anonymous_7)
FN:105,(anonymous_8)
FN:116,(anonymous_9)
FN:133,(anonymous_10)
FN:140,(anonymous_11)
FN:166,(anonymous_12)
FN:232,(anonymous_13)
FN:247,(anonymous_14)
FN:260,(anonymous_15)
FN:289,(anonymous_16)
FN:302,(anonymous_17)
FN:330,(anonymous_18)
FN:359,(anonymous_19)
FN:364,(anonymous_20)
FNF:21
FNH:21
FNDA:117,CalendarView
FNDA:24,(anonymous_1)
FNDA:24,(anonymous_2)
FNDA:66,(anonymous_3)
FNDA:3,(anonymous_4)
FNDA:2,(anonymous_5)
FNDA:3,(anonymous_6)
FNDA:6,(anonymous_7)
FNDA:1,(anonymous_8)
FNDA:3,(anonymous_9)
FNDA:1,(anonymous_10)
FNDA:3,(anonymous_11)
FNDA:14,(anonymous_12)
FNDA:28,(anonymous_13)
FNDA:10,(anonymous_14)
FNDA:1,(anonymous_15)
FNDA:6,(anonymous_16)
FNDA:1,(anonymous_17)
FNDA:21,(anonymous_18)
FNDA:464,(anonymous_19)
FNDA:4,(anonymous_20)
DA:30,117
DA:31,116
DA:32,116
DA:33,116
DA:39,116
DA:40,24
DA:43,116
DA:44,24
DA:45,24
DA:46,66
DA:53,2
DA:57,116
DA:58,3
DA:60,3
DA:61,3
DA:62,1
DA:67,1
DA:68,1
DA:69,1
DA:71,1
DA:75,116
DA:76,2
DA:77,2
DA:78,2
DA:81,116
DA:82,3
DA:85,3
DA:86,6
DA:87,6
DA:88,6
DA:89,6
DA:90,6
DA:91,6
DA:92,6
DA:93,6
DA:96,3
DA:102,3
DA:105,116
DA:106,1
DA:108,1
DA:109,1
DA:116,1
DA:117,3
DA:127,1
DA:129,0
DA:133,116
DA:134,1
DA:136,1
DA:137,1
DA:140,3
DA:142,1
DA:144,0
DA:148,116
DA:166,14
DA:233,28
DA:234,8
DA:236,20
DA:248,10
DA:249,0
DA:251,10
DA:261,1
DA:263,1
DA:264,1
DA:265,1
DA:266,1
DA:267,1
DA:268,1
DA:270,1
DA:272,1
DA:273,0
DA:275,1
DA:290,6
DA:291,0
DA:293,6
DA:303,1
DA:305,1
DA:306,1
DA:307,1
DA:308,1
DA:309,1
DA:310,1
DA:312,1
DA:314,1
DA:315,0
DA:317,1
DA:331,21
DA:332,21
DA:333,21
DA:334,21
DA:335,21
DA:336,21
DA:337,1
DA:344,20
DA:360,464
DA:365,4
DA:366,4
DA:367,4
DA:369,4
DA:370,4
DA:371,0
DA:372,0
DA:376,4
DA:377,4
DA:378,4
DA:381,4
DA:382,4
DA:383,0
DA:384,0
DA:386,4
DA:388,4
DA:389,4
DA:390,4
DA:393,4
DA:394,4
DA:395,4
DA:396,4
DA:397,4
DA:398,4
DA:400,4
DA:401,4
DA:402,4
DA:403,4
DA:405,4
DA:406,0
DA:408,4
DA:411,0
DA:414,0
LF:127
LH:114
BRDA:58,0,0,0
BRDA:58,0,1,3
BRDA:58,1,0,3
BRDA:58,1,1,3
BRDA:58,1,2,3
BRDA:86,2,0,0
BRDA:86,2,1,6
BRDA:106,3,0,0
BRDA:106,3,1,1
BRDA:106,4,0,1
BRDA:106,4,1,1
BRDA:106,4,2,1
BRDA:117,5,0,1
BRDA:117,5,1,2
BRDA:134,6,0,0
BRDA:134,6,1,1
BRDA:224,7,0,11
BRDA:224,7,1,105
BRDA:231,8,0,11
BRDA:231,8,1,105
BRDA:233,9,0,8
BRDA:233,9,1,20
BRDA:246,10,0,11
BRDA:246,10,1,105
BRDA:248,11,0,0
BRDA:248,11,1,10
BRDA:272,12,0,0
BRDA:272,12,1,1
BRDA:288,13,0,11
BRDA:288,13,1,105
BRDA:290,14,0,0
BRDA:290,14,1,6
BRDA:314,15,0,0
BRDA:314,15,1,1
BRDA:327,16,0,116
BRDA:327,16,1,11
BRDA:327,16,2,11
BRDA:327,16,3,105
BRDA:327,16,4,21
BRDA:327,16,5,21
BRDA:331,17,0,11
BRDA:331,17,1,10
BRDA:332,18,0,11
BRDA:332,18,1,10
BRDA:333,19,0,21
BRDA:333,19,1,0
BRDA:333,20,0,21
BRDA:333,20,1,21
BRDA:336,21,0,1
BRDA:336,21,1,20
BRDA:365,22,0,0
BRDA:365,22,1,4
BRDA:366,23,0,4
BRDA:366,23,1,0
BRDA:370,24,0,0
BRDA:370,24,1,4
BRDA:382,25,0,0
BRDA:382,25,1,4
BRDA:405,26,0,0
BRDA:405,26,1,4
BRDA:426,27,0,116
BRDA:426,27,1,11
BRDA:439,28,0,11
BRDA:439,28,1,105
BRDA:444,29,0,11
BRDA:444,29,1,10
BRDA:444,29,2,10
BRDA:444,29,3,10
BRDA:461,30,0,105
BRDA:461,30,1,30
BRDA:461,30,2,10
BRDA:461,30,3,5
BRF:72
BRH:58
end_of_record
TN:
SF:src/components/TodoList.jsx
FN:32,TodoList
FN:39,(anonymous_1)
FN:43,(anonymous_2)
FN:53,(anonymous_3)
FN:73,(anonymous_4)
FN:85,(anonymous_5)
FN:86,(anonymous_6)
FN:105,(anonymous_7)
FN:110,(anonymous_8)
FN:116,(anonymous_9)
FN:122,(anonymous_10)
FN:142,(anonymous_11)
FN:148,(anonymous_12)
FN:149,(anonymous_13)
FN:156,(anonymous_14)
FN:161,(anonymous_15)
FN:162,(anonymous_16)
FN:190,(anonymous_17)
FN:203,(anonymous_18)
FN:215,(anonymous_19)
FN:245,(anonymous_20)
FN:261,(anonymous_21)
FN:305,(anonymous_22)
FNF:23
FNH:12
FNDA:37,TodoList
FNDA:17,(anonymous_1)
FNDA:17,(anonymous_2)
FNDA:0,(anonymous_3)
FNDA:2,(anonymous_4)
FNDA:2,(anonymous_5)
FNDA:6,(anonymous_6)
FNDA:0,(anonymous_7)
FNDA:0,(anonymous_8)
FNDA:0,(anonymous_9)
FNDA:76,(anonymous_10)
FNDA:37,(anonymous_11)
FNDA:1,(anonymous_12)
FNDA:3,(anonymous_13)
FNDA:0,(anonymous_14)
FNDA:0,(anonymous_15)
FNDA:0,(anonymous_16)
FNDA:0,(anonymous_17)
FNDA:0,(anonymous_18)
FNDA:0,(anonymous_19)
FNDA:57,(anonymous_20)
FNDA:2,(anonymous_21)
FNDA:0,(anonymous_22)
DA:33,37
DA:34,36
DA:35,36
DA:36,36
DA:37,36
DA:39,36
DA:40,17
DA:43,36
DA:44,17
DA:45,17
DA:46,15
DA:47,15
DA:49,1
DA:53,36
DA:54,0
DA:56,0
DA:57,0
DA:58,0
DA:62,0
DA:63,0
DA:64,0
DA:65,0
DA:67,0
DA:69,0
DA:73,36
DA:74,2
DA:76,2
DA:78,2
DA:79,2
DA:80,2
DA:82,2
DA:85,2
DA:86,2
DA:87,6
DA:91,2
DA:92,2
DA:95,2
DA:97,0
DA:99,0
DA:101,2
DA:105,36
DA:106,0
DA:107,0
DA:110,0
DA:112,0
DA:116,36
DA:117,0
DA:118,0
DA:122,36
DA:123,76
DA:124,76
DA:127,36
DA:142,37
DA:149,3
DA:150,1
DA:151,1
DA:152,0
DA:153,0
DA:156,0
DA:158,0
DA:161,0
DA:162,0
DA:163,0
DA:164,0
DA:167,0
DA:169,0
DA:170,0
DA:190,0
DA:203,0
DA:216,0
DA:217,0
DA:246,57
DA:261,2
DA:305,0
LF:74
LH:40
BRDA:54,0,0,0
BRDA:54,0,1,0
BRDA:60,1,0,0
BRDA:60,1,1,0
BRDA:74,2,0,0
BRDA:74,2,1,2
BRDA:87,3,0,2
BRDA:87,3,1,4
BRDA:117,4,0,0
BRDA:117,4,1,0
BRDA:123,5,0,0
BRDA:123,5,1,76
BRDA:142,6,0,36
BRDA:142,6,1,19
BRDA:150,7,0,1
BRDA:150,7,1,0
BRDA:151,8,0,0
BRDA:151,8,1,1
BRDA:236,9,0,17
BRDA:236,9,1,19
BRDA:252,10,0,20
BRDA:252,10,1,37
BRDA:253,11,0,20
BRDA:253,11,1,37
BRDA:275,12,0,20
BRDA:275,12,1,37
BRDA:276,13,0,20
BRDA:276,13,1,37
BRDA:277,14,0,20
BRDA:277,14,1,37
BRDA:284,15,0,57
BRDA:284,15,1,38
BRDA:294,16,0,57
BRDA:294,16,1,38
BRDA:318,17,0,57
BRDA:318,17,1,38
BRF:36
BRH:26
end_of_record
